-------------------------------------------------------------------------------
Test set: com.accelerator.runners.MyTestRunner
-------------------------------------------------------------------------------
Tests run: 5, Failures: 1, Errors: 0, Skipped: 0, Time elapsed: 52.965 s <<< FAILURE! - in com.accelerator.runners.MyTestRunner
runScenario(com.accelerator.runners.MyTestRunner)  Time elapsed: 20.904 s  <<< FAILURE!
java.lang.AssertionError

